<?xml version="1.0" encoding="UTF-8"?>
<!-- Generated by org.testng.reporters.JUnitReportReporter -->
<testsuite hostname="dbef0af4fca15fa" failures="0" tests="12" name="testcases.ShoppingCartAutomationL1TestCases" time="12.019" errors="0" timestamp="2025-03-07T15:47:43 IST" skipped="0">
  <testcase classname="testcases.ShoppingCartAutomationL1TestCases" name="verifyNavigateTotTheShoppingCartpage" time="0.187"/>
  <testcase classname="testcases.ShoppingCartAutomationL1TestCases" name="checkShopMenuIsPresent" time="0.103"/>
  <testcase classname="testcases.ShoppingCartAutomationL1TestCases" name="clickOnShopMenuAndValidateTheTitle" time="3.833"/>
  <testcase classname="testcases.ShoppingCartAutomationL1TestCases" name="clickOnLogoAndVerifyItIsNavigateToTheHomePage" time="2.021"/>
  <testcase classname="testcases.ShoppingCartAutomationL1TestCases" name="checkIfHomePageHasASectionOfNewArrivals" time="0.113"/>
  <testcase classname="testcases.ShoppingCartAutomationL1TestCases" name="checkArrivalsSectionHasExactly3ProductsEnlisted" time="0.185"/>
  <testcase classname="testcases.ShoppingCartAutomationL1TestCases" name="clickOnSeleniumRubyProductAndValidateTheTitleOfThisPage" time="1.964"/>
  <testcase classname="testcases.ShoppingCartAutomationL1TestCases" name="verifyAddBasketButtonIsPresentAndClickOnAddBasket" time="1.618"/>
  <testcase classname="testcases.ShoppingCartAutomationL1TestCases" name="viewBasketButtonIsPresentAndClickOnIt" time="1.701"/>
  <testcase classname="testcases.ShoppingCartAutomationL1TestCases" name="userIsNavigateToTheBasketPage" time="0.090"/>
  <testcase classname="testcases.ShoppingCartAutomationL1TestCases" name="seleniumRubyIsPresentInsideTheCartPage" time="0.082"/>
  <testcase classname="testcases.ShoppingCartAutomationL1TestCases" name="verifyThatSeleniumRubyProductPriceIs500" time="0.122"/>
</testsuite> <!-- testcases.ShoppingCartAutomationL1TestCases -->
